\BOOKMARK [1][-]{section.1}{Competition Overview}{}% 1
\BOOKMARK [1][-]{section.2}{Field}{}% 2
\BOOKMARK [2][-]{subsection.2.1}{Track}{section.2}% 3
\BOOKMARK [2][-]{subsection.2.2}{Pickup Zone}{section.2}% 4
\BOOKMARK [2][-]{subsection.2.3}{Obstacles}{section.2}% 5
\BOOKMARK [3][-]{subsubsection.2.3.1}{Tunnel}{subsection.2.3}% 6
\BOOKMARK [3][-]{subsubsection.2.3.2}{Bridge}{subsection.2.3}% 7
\BOOKMARK [2][-]{subsection.2.4}{Launch Zone}{section.2}% 8
\BOOKMARK [2][-]{subsection.2.5}{Target}{section.2}% 9
\BOOKMARK [2][-]{subsection.2.6}{Sprint}{section.2}% 10
\BOOKMARK [1][-]{section.3}{The Game}{}% 11
\BOOKMARK [2][-]{subsection.3.1}{Objective}{section.3}% 12
\BOOKMARK [3][-]{subsubsection.3.1.1}{The Payload}{subsection.3.1}% 13
\BOOKMARK [2][-]{subsection.3.2}{Run Times}{section.3}% 14
\BOOKMARK [2][-]{subsection.3.3}{Scoring}{section.3}% 15
\BOOKMARK [3][-]{subsubsection.3.3.1}{Payload Retrieval}{subsection.3.3}% 16
\BOOKMARK [3][-]{subsubsection.3.3.2}{Payload Control}{subsection.3.3}% 17
\BOOKMARK [3][-]{subsubsection.3.3.3}{Tunnel}{subsection.3.3}% 18
\BOOKMARK [3][-]{subsubsection.3.3.4}{Bridge}{subsection.3.3}% 19
\BOOKMARK [3][-]{subsubsection.3.3.5}{Launch}{subsection.3.3}% 20
\BOOKMARK [3][-]{subsubsection.3.3.6}{Sprint}{subsection.3.3}% 21
\BOOKMARK [2][-]{subsection.3.4}{Penalties}{section.3}% 22
\BOOKMARK [1][-]{section.4}{The Robot}{}% 23
\BOOKMARK [2][-]{subsection.4.1}{General Robot Requirements}{section.4}% 24
\BOOKMARK [2][-]{subsection.4.2}{Safety}{section.4}% 25
\BOOKMARK [2][-]{subsection.4.3}{Communications}{section.4}% 26
\BOOKMARK [3][-]{subsubsection.4.3.1}{Loss-of-Signal Test}{subsection.4.3}% 27
\BOOKMARK [1][-]{section.5}{The Tournament}{}% 28
\BOOKMARK [2][-]{subsection.5.1}{Registration}{section.5}% 29
\BOOKMARK [2][-]{subsection.5.2}{Practice Runs}{section.5}% 30
\BOOKMARK [2][-]{subsection.5.3}{Documentation}{section.5}% 31
\BOOKMARK [3][-]{subsubsection.5.3.1}{Technical Document}{subsection.5.3}% 32
\BOOKMARK [3][-]{subsubsection.5.3.2}{Video Presentation}{subsection.5.3}% 33
\BOOKMARK [3][-]{subsubsection.5.3.3}{Robot and Team Picture}{subsection.5.3}% 34
\BOOKMARK [2][-]{subsection.5.4}{Judging}{section.5}% 35
\BOOKMARK [2][-]{subsection.5.5}{Awards}{section.5}% 36
\BOOKMARK [1][-]{section.6}{Appendix}{}% 37
\BOOKMARK [2][-]{subsection.6.1}{Important Dates}{section.6}% 38
\BOOKMARK [2][-]{subsection.6.2}{Contact Information}{section.6}% 39
